{
  "RSpec": {
    "coverage": {
      "/Users/admin/technical_challenge/bank_tech_test/lib/account.rb": [
        1,
        1,
        null,
        1,
        1,
        null,
        1,
        2,
        null,
        null,
        1,
        2,
        null,
        null
      ],
      "/Users/admin/technical_challenge/bank_tech_test/lib/deposit.rb": [
        1,
        1,
        1,
        2,
        2,
        null,
        null
      ],
      "/Users/admin/technical_challenge/bank_tech_test/lib/withdrawal.rb": [
        1,
        1,
        1,
        2,
        2,
        null,
        null
      ],
      "/Users/admin/technical_challenge/bank_tech_test/lib/bank_statement.rb": [
        1,
        null,
        1,
        1,
        3,
        3,
        3,
        3,
        2,
        2,
        2,
        null,
        1,
        null,
        null,
        null,
        null,
        null,
        null,
        null,
        3,
        null,
        null
      ]
    },
    "timestamp": 1549909697
  }
}
